<?xml version="1.0" encoding="UTF-8"?>
<!-- Generated by org.testng.reporters.JUnitXMLReporter -->
<testsuite hostname="GauravB-LT" name="Test" tests="3" failures="0" timestamp="11 Mar 2019 14:53:24 GMT" time="81.167" errors="0">
  <testcase name="pageNavigationTest" time="15.044" classname="Academy.ValidateText"/>
  <testcase name="pageNavigationTest" time="43.155" classname="Academy.HomePage"/>
  <testcase name="pageNavigationTest" time="22.948" classname="Academy.HomePage"/>
</testsuite> <!-- Test -->
