<?xml version="1.0" encoding="UTF-8"?>
<!-- Generated by org.testng.reporters.JUnitXMLReporter -->
<testsuite hostname="GauravB-LT" name="Validate Text" tests="1" failures="1" timestamp="12 Mar 2019 03:01:30 GMT" time="13.429" errors="0">
  <testcase name="pageNavigationTest" time="7.79" classname="Academy.ValidateText">
    <failure type="java.lang.AssertionError" message="expected [FEATURED COURSES123] but found [FEATURED COURSES]">
      <![CDATA[java.lang.AssertionError: expected [FEATURED COURSES123] but found [FEATURED COURSES]
	at Academy.ValidateText.pageNavigationTest(ValidateText.java:45)
... Removed 29 stack frames]]>
    </failure>
  </testcase> <!-- pageNavigationTest -->
</testsuite> <!-- Validate Text -->
