<?xml version="1.0" encoding="UTF-8"?>
<!-- Generated by org.testng.reporters.JUnitXMLReporter -->
<testsuite hostname="GauravB-LT" name="Test" tests="3" failures="0" timestamp="11 Mar 2019 17:13:10 GMT" time="46.948" errors="0">
  <testcase name="pageNavigationTest" time="9.134" classname="Academy.ValidateText"/>
  <testcase name="pageNavigationTest" time="21.262" classname="Academy.HomePage"/>
  <testcase name="pageNavigationTest" time="16.532" classname="Academy.HomePage"/>
</testsuite> <!-- Test -->
