<?xml version="1.0" encoding="UTF-8"?>
<testng-results skipped="0" failed="0" total="3" passed="3">
  <reporter-output>
  </reporter-output>
  <suite name="Suite" duration-ms="75929" started-at="2019-03-16T08:12:26Z" finished-at="2019-03-16T08:13:42Z">
    <groups>
    </groups>
    <test name="Validate Text" duration-ms="39733" started-at="2019-03-16T08:12:26Z" finished-at="2019-03-16T08:13:06Z">
      <class name="Academy.ValidateText">
        <test-method status="PASS" signature="initialize()[pri:0, instance:Academy.ValidateText@5119fb47]" name="initialize" is-config="true" duration-ms="23166" started-at="2019-03-16T13:42:26Z" finished-at="2019-03-16T13:42:49Z">
          <reporter-output>
          </reporter-output>
        </test-method> <!-- initialize -->
        <test-method status="PASS" signature="pageNavigationTest()[pri:0, instance:Academy.ValidateText@5119fb47]" name="pageNavigationTest" duration-ms="13995" started-at="2019-03-16T13:42:49Z" finished-at="2019-03-16T13:43:03Z">
          <reporter-output>
          </reporter-output>
        </test-method> <!-- pageNavigationTest -->
        <test-method status="PASS" signature="closeBrowser()[pri:0, instance:Academy.ValidateText@5119fb47]" name="closeBrowser" is-config="true" duration-ms="2563" started-at="2019-03-16T13:43:03Z" finished-at="2019-03-16T13:43:06Z">
          <reporter-output>
          </reporter-output>
        </test-method> <!-- closeBrowser -->
      </class> <!-- Academy.ValidateText -->
    </test> <!-- Validate Text -->
    <test name="Home Page test" duration-ms="36159" started-at="2019-03-16T08:13:06Z" finished-at="2019-03-16T08:13:42Z">
      <class name="Academy.HomePage">
        <test-method status="PASS" signature="initialize()[pri:0, instance:Academy.HomePage@71809907]" name="initialize" is-config="true" duration-ms="3803" started-at="2019-03-16T13:43:06Z" finished-at="2019-03-16T13:43:10Z">
          <reporter-output>
          </reporter-output>
        </test-method> <!-- initialize -->
        <test-method status="PASS" signature="pageNavigationTest(java.lang.String, java.lang.String)[pri:0, instance:Academy.HomePage@71809907]" name="pageNavigationTest" duration-ms="19670" started-at="2019-03-16T13:43:10Z" data-provider="getData" finished-at="2019-03-16T13:43:29Z">
          <params>
            <param index="0">
              <value>
                <![CDATA[testuser1]]>
              </value>
            </param>
            <param index="1">
              <value>
                <![CDATA[testpassword]]>
              </value>
            </param>
          </params>
          <reporter-output>
          </reporter-output>
        </test-method> <!-- pageNavigationTest -->
        <test-method status="PASS" signature="pageNavigationTest(java.lang.String, java.lang.String)[pri:0, instance:Academy.HomePage@71809907]" name="pageNavigationTest" duration-ms="9848" started-at="2019-03-16T13:43:29Z" data-provider="getData" finished-at="2019-03-16T13:43:39Z">
          <params>
            <param index="0">
              <value>
                <![CDATA[testuser2]]>
              </value>
            </param>
            <param index="1">
              <value>
                <![CDATA[testpassword2]]>
              </value>
            </param>
          </params>
          <reporter-output>
          </reporter-output>
        </test-method> <!-- pageNavigationTest -->
        <test-method status="PASS" signature="closeBrowser()[pri:0, instance:Academy.HomePage@71809907]" name="closeBrowser" is-config="true" duration-ms="2837" started-at="2019-03-16T13:43:39Z" finished-at="2019-03-16T13:43:42Z">
          <reporter-output>
          </reporter-output>
        </test-method> <!-- closeBrowser -->
      </class> <!-- Academy.HomePage -->
    </test> <!-- Home Page test -->
  </suite> <!-- Suite -->
</testng-results>
