<?xml version="1.0" encoding="UTF-8"?>
<testng-results skipped="0" failed="0" total="3" passed="3">
  <reporter-output>
  </reporter-output>
  <suite name="Suite" duration-ms="114377" started-at="2019-03-14T14:28:50Z" finished-at="2019-03-14T14:30:45Z">
    <groups>
    </groups>
    <test name="Validate Text" duration-ms="40579" started-at="2019-03-14T14:28:50Z" finished-at="2019-03-14T14:29:31Z">
      <class name="Academy.ValidateText">
        <test-method status="PASS" signature="initialize()[pri:0, instance:Academy.ValidateText@3835c46]" name="initialize" is-config="true" duration-ms="22305" started-at="2019-03-14T19:58:50Z" finished-at="2019-03-14T19:59:13Z">
          <reporter-output>
          </reporter-output>
        </test-method> <!-- initialize -->
        <test-method status="PASS" signature="pageNavigationTest()[pri:0, instance:Academy.ValidateText@3835c46]" name="pageNavigationTest" duration-ms="16692" started-at="2019-03-14T19:59:13Z" finished-at="2019-03-14T19:59:29Z">
          <reporter-output>
          </reporter-output>
        </test-method> <!-- pageNavigationTest -->
        <test-method status="PASS" signature="closeBrowser()[pri:0, instance:Academy.ValidateText@3835c46]" name="closeBrowser" is-config="true" duration-ms="1562" started-at="2019-03-14T19:59:29Z" finished-at="2019-03-14T19:59:31Z">
          <reporter-output>
          </reporter-output>
        </test-method> <!-- closeBrowser -->
      </class> <!-- Academy.ValidateText -->
    </test> <!-- Validate Text -->
    <test name="Home Page test" duration-ms="73739" started-at="2019-03-14T14:29:31Z" finished-at="2019-03-14T14:30:45Z">
      <class name="Academy.HomePage">
        <test-method status="PASS" signature="initialize()[pri:0, instance:Academy.HomePage@158da8e]" name="initialize" is-config="true" duration-ms="4474" started-at="2019-03-14T19:59:31Z" finished-at="2019-03-14T19:59:36Z">
          <reporter-output>
          </reporter-output>
        </test-method> <!-- initialize -->
        <test-method status="PASS" signature="pageNavigationTest(java.lang.String, java.lang.String)[pri:0, instance:Academy.HomePage@158da8e]" name="pageNavigationTest" duration-ms="53409" started-at="2019-03-14T19:59:36Z" data-provider="getData" finished-at="2019-03-14T20:00:29Z">
          <params>
            <param index="0">
              <value>
                <![CDATA[testuser1]]>
              </value>
            </param>
            <param index="1">
              <value>
                <![CDATA[testpassword]]>
              </value>
            </param>
          </params>
          <reporter-output>
          </reporter-output>
        </test-method> <!-- pageNavigationTest -->
        <test-method status="PASS" signature="pageNavigationTest(java.lang.String, java.lang.String)[pri:0, instance:Academy.HomePage@158da8e]" name="pageNavigationTest" duration-ms="13549" started-at="2019-03-14T20:00:29Z" data-provider="getData" finished-at="2019-03-14T20:00:43Z">
          <params>
            <param index="0">
              <value>
                <![CDATA[testuser2]]>
              </value>
            </param>
            <param index="1">
              <value>
                <![CDATA[testpassword2]]>
              </value>
            </param>
          </params>
          <reporter-output>
          </reporter-output>
        </test-method> <!-- pageNavigationTest -->
        <test-method status="PASS" signature="closeBrowser()[pri:0, instance:Academy.HomePage@158da8e]" name="closeBrowser" is-config="true" duration-ms="2305" started-at="2019-03-14T20:00:43Z" finished-at="2019-03-14T20:00:45Z">
          <reporter-output>
          </reporter-output>
        </test-method> <!-- closeBrowser -->
      </class> <!-- Academy.HomePage -->
    </test> <!-- Home Page test -->
  </suite> <!-- Suite -->
</testng-results>
