<?xml version="1.0" encoding="UTF-8"?>
<testng-results skipped="0" failed="0" total="3" passed="3">
  <reporter-output>
  </reporter-output>
  <suite name="Default suite" duration-ms="40347" started-at="2019-03-12T03:31:52Z" finished-at="2019-03-12T03:32:33Z">
    <groups>
    </groups>
    <test name="Default test" duration-ms="40347" started-at="2019-03-12T03:31:52Z" finished-at="2019-03-12T03:32:33Z">
      <class name="Academy.HomePage">
        <test-method status="PASS" signature="initialize()[pri:0, instance:Academy.HomePage@4550bb58]" name="initialize" is-config="true" duration-ms="2942" started-at="2019-03-12T09:01:52Z" finished-at="2019-03-12T09:01:55Z">
          <reporter-output>
          </reporter-output>
        </test-method> <!-- initialize -->
        <test-method status="PASS" signature="initialize()[pri:0, instance:Academy.ValidateText@747ddf94]" name="initialize" is-config="true" duration-ms="2310" started-at="2019-03-12T09:01:55Z" finished-at="2019-03-12T09:01:57Z">
          <reporter-output>
          </reporter-output>
        </test-method> <!-- initialize -->
        <test-method status="PASS" signature="pageNavigationTest(java.lang.String, java.lang.String)[pri:0, instance:Academy.HomePage@4550bb58]" name="pageNavigationTest" duration-ms="18550" started-at="2019-03-12T09:01:57Z" data-provider="getData" finished-at="2019-03-12T09:02:16Z">
          <params>
            <param index="0">
              <value>
                <![CDATA[testuser1]]>
              </value>
            </param>
            <param index="1">
              <value>
                <![CDATA[testpassword]]>
              </value>
            </param>
          </params>
          <reporter-output>
          </reporter-output>
        </test-method> <!-- pageNavigationTest -->
        <test-method status="PASS" signature="pageNavigationTest(java.lang.String, java.lang.String)[pri:0, instance:Academy.HomePage@4550bb58]" name="pageNavigationTest" duration-ms="11069" started-at="2019-03-12T09:02:16Z" data-provider="getData" finished-at="2019-03-12T09:02:27Z">
          <params>
            <param index="0">
              <value>
                <![CDATA[testuser2]]>
              </value>
            </param>
            <param index="1">
              <value>
                <![CDATA[testpassword2]]>
              </value>
            </param>
          </params>
          <reporter-output>
          </reporter-output>
        </test-method> <!-- pageNavigationTest -->
        <test-method status="PASS" signature="closeBrowser()[pri:0, instance:Academy.HomePage@4550bb58]" name="closeBrowser" is-config="true" duration-ms="2314" started-at="2019-03-12T09:02:30Z" finished-at="2019-03-12T09:02:33Z">
          <reporter-output>
          </reporter-output>
        </test-method> <!-- closeBrowser -->
        <test-method status="FAIL" signature="closeBrowser()[pri:0, instance:Academy.ValidateText@747ddf94]" name="closeBrowser" is-config="true" duration-ms="0" started-at="2019-03-12T09:02:33Z" finished-at="2019-03-12T09:02:33Z">
          <exception class="java.lang.NullPointerException">
            <full-stacktrace>
              <![CDATA[java.lang.NullPointerException
	at Academy.ValidateText.closeBrowser(ValidateText.java:54)
	at sun.reflect.NativeMethodAccessorImpl.invoke0(Native Method)
	at sun.reflect.NativeMethodAccessorImpl.invoke(NativeMethodAccessorImpl.java:62)
	at sun.reflect.DelegatingMethodAccessorImpl.invoke(DelegatingMethodAccessorImpl.java:43)
	at java.lang.reflect.Method.invoke(Method.java:498)
	at org.testng.internal.MethodInvocationHelper.invokeMethod(MethodInvocationHelper.java:80)
	at org.testng.internal.Invoker.invokeConfigurationMethod(Invoker.java:564)
	at org.testng.internal.Invoker.invokeConfigurations(Invoker.java:213)
	at org.testng.internal.Invoker.invokeConfigurations(Invoker.java:138)
	at org.testng.TestRunner.afterRun(TestRunner.java:1021)
	at org.testng.TestRunner.run(TestRunner.java:621)
	at org.testng.SuiteRunner.runTest(SuiteRunner.java:334)
	at org.testng.SuiteRunner.runSequentially(SuiteRunner.java:329)
	at org.testng.SuiteRunner.privateRun(SuiteRunner.java:291)
	at org.testng.SuiteRunner.run(SuiteRunner.java:240)
	at org.testng.SuiteRunnerWorker.runSuite(SuiteRunnerWorker.java:52)
	at org.testng.SuiteRunnerWorker.run(SuiteRunnerWorker.java:86)
	at org.testng.TestNG.runSuitesSequentially(TestNG.java:1198)
	at org.testng.TestNG.runSuitesLocally(TestNG.java:1123)
	at org.testng.TestNG.run(TestNG.java:1031)
	at org.testng.remote.AbstractRemoteTestNG.run(AbstractRemoteTestNG.java:114)
	at org.testng.remote.RemoteTestNG.initAndRun(RemoteTestNG.java:251)
	at org.testng.remote.RemoteTestNG.main(RemoteTestNG.java:77)
]]>
            </full-stacktrace>
          </exception> <!-- java.lang.NullPointerException -->
          <reporter-output>
          </reporter-output>
        </test-method> <!-- closeBrowser -->
      </class> <!-- Academy.HomePage -->
      <class name="Academy.ValidateText">
        <test-method status="PASS" signature="pageNavigationTest()[pri:0, instance:Academy.ValidateText@747ddf94]" name="pageNavigationTest" duration-ms="3139" started-at="2019-03-12T09:02:27Z" finished-at="2019-03-12T09:02:30Z">
          <reporter-output>
          </reporter-output>
        </test-method> <!-- pageNavigationTest -->
      </class> <!-- Academy.ValidateText -->
    </test> <!-- Default test -->
  </suite> <!-- Default suite -->
</testng-results>
